<?xml version="1.0" encoding="UTF-8"?>
<!-- Generated by org.testng.reporters.JUnitXMLReporter -->
<testsuite ignored="0" hostname="Praveenkumar-PC" failures="6" tests="24" name="Test" time="149.387" errors="0" timestamp="2025-05-06T10:24:52 IST">
  <testcase classname="org.TestNG.TS_001" name="TC_001" time="1.391"/>
  <testcase classname="org.TestNG.TS_001" name="TC_002" time="0.888"/>
  <testcase classname="org.TestNG.TS_001" name="TC_003" time="0.746"/>
  <testcase classname="org.TestNG.TS_001" name="TC_004" time="1.301"/>
  <testcase classname="org.TestNG.TS_001" name="TC_005" time="0.609"/>
  <testcase classname="org.TestNG.TS_002" name="TC_0010" time="0.15"/>
  <testcase classname="org.TestNG.TS_002" name="TC_006" time="0.454"/>
  <testcase classname="org.TestNG.TS_002" name="TC_007" time="0.525">
    <failure type="java.lang.AssertionError" message="TC_007 Failed: Email field X-position mismatch! expected:&amp;lt;367&amp;gt; but was:&amp;lt;391&amp;gt;">
      <![CDATA[java.lang.AssertionError: TC_007 Failed: Email field X-position mismatch! expected:<367> but was:<391>
at org.junit.Assert.fail(Assert.java:89)
at org.junit.Assert.failNotEquals(Assert.java:835)
at org.junit.Assert.assertEquals(Assert.java:647)
at org.TestNG.TS_002.TC_007(TS_002.java:64)
at java.base/java.util.ArrayList.forEach(ArrayList.java:1597)
... Removed 25 stack frames]]>
    </failure>
  </testcase> <!-- TC_007 -->
  <testcase classname="org.TestNG.TS_002" name="TC_008" time="0.45"/>
  <testcase classname="org.TestNG.TS_002" name="TC_009" time="2.061"/>
  <testcase classname="org.TestNG.TS_003" name="TC_011" time="0.852"/>
  <testcase classname="org.TestNG.TS_003" name="TC_012" time="2.926"/>
  <testcase classname="org.TestNG.TS_003" name="TC_013" time="7.223">
    <failure type="java.lang.AssertionError" message="TC_013 Failed: Email field allows more than 255 characters!">
      <![CDATA[java.lang.AssertionError: TC_013 Failed: Email field allows more than 255 characters!
at org.junit.Assert.fail(Assert.java:89)
at org.junit.Assert.assertTrue(Assert.java:42)
at org.TestNG.TS_003.TC_013(TS_003.java:103)
at java.base/java.util.ArrayList.forEach(ArrayList.java:1597)
... Removed 25 stack frames]]>
    </failure>
  </testcase> <!-- TC_013 -->
  <testcase classname="org.TestNG.TS_003" name="TC_014" time="1.157"/>
  <testcase classname="org.TestNG.TS_004" name="TC_0019" time="0.37"/>
  <testcase classname="org.TestNG.TS_004" name="TC_015" time="0.185"/>
  <testcase classname="org.TestNG.TS_004" name="TC_016" time="0.639">
    <failure type="java.lang.AssertionError" message="TC_016 Failed: Password field X-position mismatch! expected:&amp;lt;367&amp;gt; but was:&amp;lt;391&amp;gt;">
      <![CDATA[java.lang.AssertionError: TC_016 Failed: Password field X-position mismatch! expected:<367> but was:<391>
at org.junit.Assert.fail(Assert.java:89)
at org.junit.Assert.failNotEquals(Assert.java:835)
at org.junit.Assert.assertEquals(Assert.java:647)
at org.TestNG.TS_004.TC_016(TS_004.java:68)
at java.base/java.util.ArrayList.forEach(ArrayList.java:1597)
... Removed 25 stack frames]]>
    </failure>
  </testcase> <!-- TC_016 -->
  <testcase classname="org.TestNG.TS_004" name="TC_017" time="1.935"/>
  <testcase classname="org.TestNG.TS_004" name="TC_018" time="8.161"/>
  <testcase classname="org.TestNG.TS_005" name="TC_020" time="1.33">
    <failure type="java.lang.AssertionError" message="TC_020 Failed: Password field allows more than 20 characters! expected [true] but found [false]">
      <![CDATA[java.lang.AssertionError: TC_020 Failed: Password field allows more than 20 characters! expected [true] but found [false]
at org.TestNG.TS_005.TC_020(TS_005.java:51)
at java.base/java.util.ArrayList.forEach(ArrayList.java:1597)
... Removed 28 stack frames]]>
    </failure>
  </testcase> <!-- TC_020 -->
  <testcase classname="org.TestNG.TS_005" name="TC_021" time="1.23">
    <failure type="java.lang.NoSuchMethodError" message="&amp;apos;void org.openqa.selenium.support.ui.WebDriverWait.&amp;lt;init&amp;gt;(org.openqa.selenium.WebDriver, java.time.Duration)&amp;apos;">
      <![CDATA[java.lang.NoSuchMethodError: 'void org.openqa.selenium.support.ui.WebDriverWait.<init>(org.openqa.selenium.WebDriver, java.time.Duration)'
at org.TestNG.TS_005.TC_021(TS_005.java:95)
at java.base/java.util.ArrayList.forEach(ArrayList.java:1597)
... Removed 25 stack frames]]>
    </failure>
  </testcase> <!-- TC_021 -->
  <testcase classname="org.TestNG.TS_005" name="TC_022" time="1.32"/>
  <testcase classname="org.TestNG.TS_005" name="TC_023" time="2.23">
    <failure type="java.lang.AssertionError" message="TC_023 Failed: Password field allows more than 100 characters! expected [true] but found [false]">
      <![CDATA[java.lang.AssertionError: TC_023 Failed: Password field allows more than 100 characters! expected [true] but found [false]
at org.TestNG.TS_005.TC_023(TS_005.java:135)
at java.base/java.util.ArrayList.forEach(ArrayList.java:1597)
... Removed 28 stack frames]]>
    </failure>
  </testcase> <!-- TC_023 -->
  <testcase classname="org.TestNG.TS_005" name="TC_024" time="3.91"/>
</testsuite> <!-- Test -->
