<?xml version="1.0" encoding="UTF-8"?>
<testng-results ignored="4" total="5" passed="0" failed="1" skipped="0">
  <reporter-output>
  </reporter-output>
  <suite started-at="2025-05-11T14:23:10 IST" name="Default suite" finished-at="2025-05-11T14:23:19 IST" duration-ms="9023">
    <groups>
    </groups>
    <test started-at="2025-05-11T14:23:10 IST" name="Default test" finished-at="2025-05-11T14:23:19 IST" duration-ms="9023">
      <class name="org.TestNG.TS_018">
        <test-method is-config="true" signature="browseropen()[pri:0, instance:org.TestNG.TS_018@5552768b]" started-at="2025-05-11T14:23:10 IST" name="browseropen" finished-at="2025-05-11T14:23:10 IST" duration-ms="85" status="PASS">
          <reporter-output>
          </reporter-output>
        </test-method> <!-- browseropen -->
        <test-method is-config="true" signature="beforeTestCase()[pri:0, instance:org.TestNG.TS_018@5552768b]" started-at="2025-05-11T14:23:11 IST" name="beforeTestCase" finished-at="2025-05-11T14:23:15 IST" duration-ms="4192" status="PASS">
          <reporter-output>
          </reporter-output>
        </test-method> <!-- beforeTestCase -->
        <test-method signature="TC_087()[pri:0, instance:org.TestNG.TS_018@5552768b]" started-at="2025-05-11T14:23:15 IST" name="TC_087" finished-at="2025-05-11T14:23:19 IST" duration-ms="4009" status="FAIL">
          <exception class="java.lang.AssertionError">
            <message>
              <![CDATA[TC_087 Failed: 'Others' option is missing! expected [true] but found [false]]]>
            </message>
            <full-stacktrace>
              <![CDATA[java.lang.AssertionError: TC_087 Failed: 'Others' option is missing! expected [true] but found [false]
at org.testng.Assert.fail(Assert.java:111)
at org.testng.Assert.failNotEquals(Assert.java:1590)
at org.testng.Assert.assertTrue(Assert.java:57)
at org.TestNG.TS_018.TC_087(TS_018.java:105)
at java.base/jdk.internal.reflect.DirectMethodHandleAccessor.invoke(DirectMethodHandleAccessor.java:103)
at java.base/java.lang.reflect.Method.invoke(Method.java:580)
at org.testng.internal.invokers.MethodInvocationHelper.invokeMethod(MethodInvocationHelper.java:141)
at org.testng.internal.invokers.TestInvoker.invokeMethod(TestInvoker.java:687)
at org.testng.internal.invokers.TestInvoker.invokeTestMethod(TestInvoker.java:230)
at org.testng.internal.invokers.MethodRunner.runInSequence(MethodRunner.java:63)
at org.testng.internal.invokers.TestInvoker$MethodInvocationAgent.invoke(TestInvoker.java:995)
at org.testng.internal.invokers.TestInvoker.invokeTestMethods(TestInvoker.java:203)
at org.testng.internal.invokers.TestMethodWorker.invokeTestMethods(TestMethodWorker.java:154)
at org.testng.internal.invokers.TestMethodWorker.run(TestMethodWorker.java:134)
at java.base/java.util.ArrayList.forEach(ArrayList.java:1597)
at org.testng.TestRunner.privateRun(TestRunner.java:741)
at org.testng.TestRunner.run(TestRunner.java:616)
at org.testng.SuiteRunner.runTest(SuiteRunner.java:421)
at org.testng.SuiteRunner.runSequentially(SuiteRunner.java:413)
at org.testng.SuiteRunner.privateRun(SuiteRunner.java:373)
at org.testng.SuiteRunner.run(SuiteRunner.java:312)
at org.testng.SuiteRunnerWorker.runSuite(SuiteRunnerWorker.java:52)
at org.testng.SuiteRunnerWorker.run(SuiteRunnerWorker.java:95)
at org.testng.TestNG.runSuitesSequentially(TestNG.java:1274)
at org.testng.TestNG.runSuitesLocally(TestNG.java:1208)
at org.testng.TestNG.runSuites(TestNG.java:1112)
at org.testng.TestNG.run(TestNG.java:1079)
at org.testng.remote.AbstractRemoteTestNG.run(AbstractRemoteTestNG.java:115)
at org.testng.remote.RemoteTestNG.initAndRun(RemoteTestNG.java:293)
at org.testng.remote.RemoteTestNG.main(RemoteTestNG.java:91)
]]>
            </full-stacktrace>
          </exception> <!-- java.lang.AssertionError -->
          <reporter-output>
          </reporter-output>
        </test-method> <!-- TC_087 -->
        <test-method is-config="true" signature="afterTestCase()[pri:0, instance:org.TestNG.TS_018@5552768b]" started-at="2025-05-11T14:23:19 IST" name="afterTestCase" finished-at="2025-05-11T14:23:19 IST" duration-ms="624" status="PASS">
          <reporter-output>
          </reporter-output>
        </test-method> <!-- afterTestCase -->
      </class> <!-- org.TestNG.TS_018 -->
    </test> <!-- Default test -->
  </suite> <!-- Default suite -->
</testng-results>
